<?xml version="1.0" encoding="UTF-8"?>
<!-- Generated by org.testng.reporters.JUnitReportReporter -->
<testsuite skipped="0" hostname="Trantor-LP475" name="cp.testCases.ApplynowTest" tests="3" failures="0" timestamp="2023-10-03T19:22:36 IST" time="46.613" errors="0">
  <testcase name="verfiylogo" time="0.276" classname="cp.testCases.ApplynowTest"/>
  <system-out/>
  <testcase name="verifyBasicinfo" time="22.972" classname="cp.testCases.ApplynowTest"/>
  <system-out/>
  <testcase name="verifySubmitLoanApplication" time="23.365" classname="cp.testCases.ApplynowTest"/>
  <system-out/>
</testsuite> <!-- cp.testCases.ApplynowTest -->
