<?xml version="1.0" encoding="UTF-8"?>
<!-- Generated by org.testng.reporters.JUnitReportReporter -->
<testsuite skipped="0" hostname="Trantor-LP475" name="cp.testCases.IncomeInfoTest" tests="2" failures="0" timestamp="2023-10-03T19:22:36 IST" time="16.972" errors="0">
  <testcase name="VerifyIncomeInfoText" time="15.787" classname="cp.testCases.IncomeInfoTest"/>
  <system-out/>
  <testcase name="verifyEnterBankDetails" time="1.185" classname="cp.testCases.IncomeInfoTest"/>
  <system-out/>
</testsuite> <!-- cp.testCases.IncomeInfoTest -->
