<?xml version="1.0" encoding="UTF-8"?>
<!-- Generated by org.testng.reporters.JUnitReportReporter -->
<testsuite skipped="0" hostname="Trantor-LP475" name="cp.testCases.BankInfoManualTest" tests="2" failures="0" timestamp="2023-07-13T17:56:50 IST" time="625.737" errors="0">
  <testcase name="verifybankInfoText" time="40.585" classname="cp.testCases.BankInfoManualTest"/>
  <system-out/>
  <testcase name="verifyEnterBankDetails" time="585.152" classname="cp.testCases.BankInfoManualTest"/>
  <system-out/>
</testsuite> <!-- cp.testCases.BankInfoManualTest -->
