<?xml version="1.0" encoding="UTF-8"?>
<!-- Generated by org.testng.reporters.JUnitReportReporter -->
<testsuite skipped="0" hostname="Kang" name="cp.testCases.ApplynowTest" tests="2" failures="0" timestamp="2021-08-26T20:39:05 IST" time="6.514" errors="0">
  <testcase name="verfiylogo" time="0.096" classname="cp.testCases.ApplynowTest"/>
  <system-out/>
  <testcase name="verifyBasicinfo" time="6.418" classname="cp.testCases.ApplynowTest"/>
  <system-out/>
</testsuite> <!-- cp.testCases.ApplynowTest -->
