<?xml version="1.0" encoding="UTF-8"?>
<!-- Generated by org.testng.reporters.JUnitReportReporter -->
<testsuite skipped="0" hostname="Trantor-LP475" name="cp.testCases.sfdataTest" tests="2" failures="0" timestamp="2023-08-25T15:43:01 IST" time="4.105" errors="0">
  <testcase name="salesforcedata" time="2.323" classname="cp.testCases.sfdataTest"/>
  <system-out/>
  <testcase name="salesforceOpp" time="1.782" classname="cp.testCases.sfdataTest"/>
  <system-out/>
</testsuite> <!-- cp.testCases.sfdataTest -->
