<?xml version="1.0" encoding="UTF-8"?>
<!-- Generated by org.testng.reporters.JUnitReportReporter -->
<testsuite skipped="0" hostname="Trantor-LP475" name="cp.testCases.offersTest" tests="5" failures="0" timestamp="2023-10-03T19:22:36 IST" time="8.063" errors="0">
  <testcase name="verifyotpbox" time="3.825" classname="cp.testCases.offersTest"/>
  <system-out/>
  <testcase name="verifyRightPanel" time="2.782" classname="cp.testCases.offersTest"/>
  <system-out/>
  <testcase name="verifySlidermovement" time="0.561" classname="cp.testCases.offersTest"/>
  <system-out/>
  <testcase name="verifyOffercontainer" time="0.583" classname="cp.testCases.offersTest"/>
  <system-out/>
  <testcase name="verifySelectOffer" time="0.312" classname="cp.testCases.offersTest"/>
  <system-out/>
</testsuite> <!-- cp.testCases.offersTest -->
