<?xml version="1.0" encoding="UTF-8"?>
<!-- Generated by org.testng.reporters.JUnitReportReporter -->
<testsuite skipped="0" hostname="Trantor-LP475" name="cp.testCases.offersTest" tests="5" failures="0" timestamp="2023-08-25T15:43:01 IST" time="6.081" errors="0">
  <testcase name="verifyotpbox" time="2.398" classname="cp.testCases.offersTest"/>
  <system-out/>
  <testcase name="verifyRightPanel" time="2.749" classname="cp.testCases.offersTest"/>
  <system-out/>
  <testcase name="verifySlidermovement" time="0.441" classname="cp.testCases.offersTest"/>
  <system-out/>
  <testcase name="verifyOffercontainer" time="0.345" classname="cp.testCases.offersTest"/>
  <system-out/>
  <testcase name="verifySelectOffer" time="0.148" classname="cp.testCases.offersTest"/>
  <system-out/>
</testsuite> <!-- cp.testCases.offersTest -->
