<?xml version="1.0" encoding="UTF-8"?>
<!-- Generated by org.testng.reporters.JUnitReportReporter -->
<testsuite skipped="0" hostname="Trantor-LP475" name="cp.testCases.ApplynowTest" tests="3" failures="0" timestamp="2023-08-25T15:43:01 IST" time="38.573" errors="0">
  <testcase name="verfiylogo" time="0.158" classname="cp.testCases.ApplynowTest"/>
  <system-out/>
  <testcase name="verifyBasicinfo" time="14.142" classname="cp.testCases.ApplynowTest"/>
  <system-out/>
  <testcase name="verifySubmitLoanApplication" time="24.273" classname="cp.testCases.ApplynowTest"/>
  <system-out/>
</testsuite> <!-- cp.testCases.ApplynowTest -->
