<?xml version="1.0" encoding="UTF-8"?>
<!-- Generated by org.testng.reporters.JUnitReportReporter -->
<testsuite skipped="0" hostname="Trantor-LP475" name="cp.testCases.IncomeInfoTest" tests="2" failures="0" timestamp="2023-08-25T15:43:01 IST" time="14.123" errors="0">
  <testcase name="VerifyIncomeInfoText" time="13.380" classname="cp.testCases.IncomeInfoTest"/>
  <system-out/>
  <testcase name="verifyEnterBankDetails" time="0.743" classname="cp.testCases.IncomeInfoTest"/>
  <system-out/>
</testsuite> <!-- cp.testCases.IncomeInfoTest -->
