<?xml version="1.0" encoding="UTF-8"?>
<!-- Generated by org.testng.reporters.JUnitReportReporter -->
<testsuite skipped="0" hostname="Trantor-LP475" name="cp.testCases.HomepageTest" tests="3" failures="0" timestamp="2021-10-29T22:44:54 IST" time="0.366" errors="0">
  <testcase name="verifyPagetitle" time="0.014" classname="cp.testCases.HomepageTest"/>
  <system-out/>
  <testcase name="verifyLogo" time="0.065" classname="cp.testCases.HomepageTest"/>
  <system-out/>
  <testcase name="verifyLinks" time="0.287" classname="cp.testCases.HomepageTest"/>
  <system-out/>
</testsuite> <!-- cp.testCases.HomepageTest -->
