<?xml version="1.0" encoding="UTF-8"?>
<!-- Generated by org.testng.reporters.JUnitReportReporter -->
<testsuite skipped="0" hostname="Trantor-LP475" name="cp.testCases.sfdataTest" tests="2" failures="0" timestamp="2023-10-03T19:22:36 IST" time="5.469" errors="0">
  <testcase name="salesforcedata" time="4.062" classname="cp.testCases.sfdataTest"/>
  <system-out/>
  <testcase name="salesforceOpp" time="1.407" classname="cp.testCases.sfdataTest"/>
  <system-out/>
</testsuite> <!-- cp.testCases.sfdataTest -->
