<?xml version="1.0" encoding="UTF-8"?>
<!-- Generated by org.testng.reporters.JUnitReportReporter -->
<testsuite skipped="0" hostname="Trantor-LP475" name="cp.testCases.HomepageTest" tests="3" failures="0" timestamp="2021-10-18T19:23:13 IST" time="5.097" errors="0">
  <testcase name="verifyPagetitle" time="0.009" classname="cp.testCases.HomepageTest"/>
  <system-out/>
  <testcase name="verifyLogo" time="0.066" classname="cp.testCases.HomepageTest"/>
  <system-out/>
  <testcase name="verifyLinks" time="5.022" classname="cp.testCases.HomepageTest"/>
  <system-out/>
</testsuite> <!-- cp.testCases.HomepageTest -->
