<?xml version="1.0" encoding="UTF-8"?>
<!-- Generated by org.testng.reporters.JUnitReportReporter -->
<testsuite skipped="0" hostname="Trantor-LP475" name="cp.testCases.PaymentSetupTest" tests="2" failures="0" timestamp="2023-08-25T15:43:01 IST" time="11.185" errors="0">
  <testcase name="verifyRepaymentInfoText" time="8.895" classname="cp.testCases.PaymentSetupTest"/>
  <system-out/>
  <testcase name="verifyRepaymentDetails" time="2.290" classname="cp.testCases.PaymentSetupTest"/>
  <system-out/>
</testsuite> <!-- cp.testCases.PaymentSetupTest -->
