<?xml version="1.0" encoding="UTF-8"?>
<!-- Generated by org.testng.reporters.JUnitReportReporter -->
<testsuite skipped="0" hostname="Trantor-LP475" name="cp.testCases.BankInfoTest" tests="3" failures="0" timestamp="2023-10-03T19:22:36 IST" time="57.958" errors="0">
  <testcase name="verifybankInfoElements" time="30.689" classname="cp.testCases.BankInfoTest"/>
  <system-out/>
  <testcase name="verifyPlaidBankConnect" time="20.442" classname="cp.testCases.BankInfoTest"/>
  <system-out/>
  <testcase name="verifyPlaidBankLogin" time="6.827" classname="cp.testCases.BankInfoTest"/>
  <system-out/>
</testsuite> <!-- cp.testCases.BankInfoTest -->
