<?xml version="1.0" encoding="UTF-8"?>
<!-- Generated by org.testng.reporters.JUnitReportReporter -->
<testsuite skipped="0" hostname="Trantor-LP475" name="cp.testCases.ApplynowTest" tests="2" failures="0" timestamp="2021-10-18T19:23:13 IST" time="5.696" errors="0">
  <testcase name="verfiylogo" time="0.057" classname="cp.testCases.ApplynowTest"/>
  <system-out/>
  <testcase name="verifyBasicinfo" time="5.639" classname="cp.testCases.ApplynowTest"/>
  <system-out/>
</testsuite> <!-- cp.testCases.ApplynowTest -->
