<?xml version="1.0" encoding="UTF-8"?>
<!-- Generated by org.testng.reporters.JUnitReportReporter -->
<testsuite skipped="0" hostname="Kang" name="cp.testCases.HomepageTest" tests="3" failures="0" timestamp="2021-08-26T20:39:05 IST" time="4.767" errors="0">
  <testcase name="verifyPagetitle" time="0.032" classname="cp.testCases.HomepageTest"/>
  <system-out/>
  <testcase name="verifyLogo" time="0.165" classname="cp.testCases.HomepageTest"/>
  <system-out/>
  <testcase name="verifyLinks" time="4.570" classname="cp.testCases.HomepageTest"/>
  <system-out/>
</testsuite> <!-- cp.testCases.HomepageTest -->
