<?xml version="1.0" encoding="UTF-8"?>
<!-- Generated by org.testng.reporters.JUnitReportReporter -->
<testsuite skipped="0" hostname="Trantor-LP475" name="cp.testCases.sfloginTest" tests="1" failures="0" timestamp="2023-08-25T15:43:01 IST" time="2.761" errors="0">
  <testcase name="salesforcelogintest" time="2.761" classname="cp.testCases.sfloginTest"/>
  <system-out/>
</testsuite> <!-- cp.testCases.sfloginTest -->
