<?xml version="1.0" encoding="UTF-8"?>
<!-- Generated by org.testng.reporters.JUnitReportReporter -->
<testsuite skipped="0" hostname="Trantor-LP475" name="cp.testCases.ApplynowTest" tests="2" failures="0" timestamp="2021-10-29T22:44:54 IST" time="9.058" errors="0">
  <testcase name="verfiylogo" time="4.286" classname="cp.testCases.ApplynowTest"/>
  <system-out/>
  <testcase name="verifyBasicinfo" time="4.772" classname="cp.testCases.ApplynowTest"/>
  <system-out/>
</testsuite> <!-- cp.testCases.ApplynowTest -->
