<?xml version="1.0" encoding="UTF-8"?>
<!-- Generated by org.testng.reporters.JUnitReportReporter -->
<testsuite skipped="0" hostname="Trantor-LP475" name="cp.testCases.offersTest" tests="1" failures="0" timestamp="2021-10-18T18:44:07 IST" time="0.006" errors="0">
  <testcase name="verifyPagetitle" time="0.006" classname="cp.testCases.offersTest"/>
  <system-out/>
</testsuite> <!-- cp.testCases.offersTest -->
