<?xml version="1.0" encoding="UTF-8"?>
<!-- Generated by org.testng.reporters.JUnitReportReporter -->
<testsuite skipped="0" hostname="Trantor-LP475" name="cp.testCases.BankInfoSkipPlaidTest" tests="2" failures="0" timestamp="2022-09-11T10:02:28 IST" time="53.993" errors="0">
  <testcase name="verifybankInfoElements" time="49.329" classname="cp.testCases.BankInfoSkipPlaidTest"/>
  <system-out/>
  <testcase name="verifySkipPlaid" time="4.664" classname="cp.testCases.BankInfoSkipPlaidTest"/>
  <system-out/>
</testsuite> <!-- cp.testCases.BankInfoSkipPlaidTest -->
