<?xml version="1.0" encoding="UTF-8"?>
<!-- Generated by org.testng.reporters.JUnitReportReporter -->
<testsuite skipped="0" hostname="Trantor-LP475" name="cp.testCases.BankInfoTest" tests="3" failures="0" timestamp="2023-08-25T15:43:01 IST" time="48.379" errors="0">
  <testcase name="verifybankInfoElements" time="20.225" classname="cp.testCases.BankInfoTest"/>
  <system-out/>
  <testcase name="verifyPlaidBankConnect" time="22.409" classname="cp.testCases.BankInfoTest"/>
  <system-out/>
  <testcase name="verifyPlaidBankLogin" time="5.745" classname="cp.testCases.BankInfoTest"/>
  <system-out/>
</testsuite> <!-- cp.testCases.BankInfoTest -->
